2019-07-09 10:05:40.601 [main] INFO  ConsoleDeployServerApplication - Starting ConsoleDeployServerApplication on JXL-20170825TXC with PID 25300 (D:\console-deploy-server\target\classes started by wudongchun in D:\console-deploy-server)
2019-07-09 10:05:40.615 [main] INFO  ConsoleDeployServerApplication - No active profile set, falling back to default profiles: default
2019-07-09 10:05:43.051 [main] INFO  org.springframework.boot.web.embedded.tomcat.TomcatWebServer - Tomcat initialized with port(s): 8855 (http)
2019-07-09 10:05:43.088 [main] INFO  org.apache.coyote.http11.Http11NioProtocol - Initializing ProtocolHandler ["http-nio-8855"]
2019-07-09 10:05:43.120 [main] INFO  org.apache.catalina.core.StandardService - Starting service [Tomcat]
2019-07-09 10:05:43.121 [main] INFO  org.apache.catalina.core.StandardEngine - Starting Servlet engine: [Apache Tomcat/9.0.21]
2019-07-09 10:05:43.349 [main] INFO  org.apache.catalina.core.ContainerBase.[Tomcat].[localhost].[/] - Initializing Spring embedded WebApplicationContext
2019-07-09 10:05:43.350 [main] INFO  org.springframework.web.context.ContextLoader - Root WebApplicationContext: initialization completed in 2653 ms
2019-07-09 10:05:43.709 [main] INFO  org.springframework.scheduling.concurrent.ThreadPoolTaskExecutor - Initializing ExecutorService 'applicationTaskExecutor'
2019-07-09 10:05:43.844 [main] INFO  org.springframework.boot.autoconfigure.web.servlet.WelcomePageHandlerMapping - Adding welcome page: class path resource [static/index.html]
2019-07-09 10:05:43.952 [main] INFO  org.apache.coyote.http11.Http11NioProtocol - Starting ProtocolHandler ["http-nio-8855"]
2019-07-09 10:05:44.017 [main] INFO  org.springframework.boot.web.embedded.tomcat.TomcatWebServer - Tomcat started on port(s): 8855 (http) with context path ''
2019-07-09 10:05:44.024 [main] INFO  ConsoleDeployServerApplication - Started ConsoleDeployServerApplication in 4.543 seconds (JVM running for 6.653)
2019-07-09 10:09:42.569 [http-nio-8855-exec-2] INFO  org.apache.tomcat.util.http.parser.Cookie - A cookie header was received [1546480912; s_fid=1B625D2FA62AC569-121A042867E0B9EF; trkId=922D2B6D-852C-486E-BF79-A2C923D364C8; CNZZDATA4269617=cnzz_eid%3D1536483362-1546918098-%26ntime%3D1546918098; Hm_lvt_9258d8a5509ecae2124d112a80dfc8fc=1549957391; Hm_lvt_fd500be904f859383368ab88b58277d2=1550914171; Hm_lvt_fbc5a7b80a8b9245688afa230ee8982f=1554271621; CNZZDATA2717995=cnzz_eid%3D757272013-1554606174-%26ntime%3D1554606174; Hm_lvt_bd92981ac2860c42757ba3a2f27ea3c2=1554606688; CNZZDATA1273619220=709583577-1554364324-%7C1557290385; CNZZDATA1265190995=259641913-1557295094-%7C1557295094] that contained an invalid cookie. That cookie will be ignored.
 Note: further occurrences of this error will be logged at DEBUG level.
2019-07-09 10:09:42.598 [http-nio-8855-exec-2] INFO  org.apache.catalina.core.ContainerBase.[Tomcat].[localhost].[/] - Initializing Spring DispatcherServlet 'dispatcherServlet'
2019-07-09 10:09:42.598 [http-nio-8855-exec-2] INFO  org.springframework.web.servlet.DispatcherServlet - Initializing Servlet 'dispatcherServlet'
2019-07-09 10:09:42.611 [http-nio-8855-exec-2] INFO  org.springframework.web.servlet.DispatcherServlet - Completed initialization in 13 ms
2019-07-09 10:09:48.633 [http-nio-8855-exec-2] ERROR org.apache.catalina.core.ContainerBase.[Tomcat].[localhost].[/].[dispatcherServlet] - Servlet.service() for servlet [dispatcherServlet] in context with path [] threw exception [Handler dispatch failed; nested exception is java.lang.OutOfMemoryError: Java heap space] with root cause
java.lang.OutOfMemoryError: Java heap space
	at java.util.Arrays.copyOf(Arrays.java:3236)
	at java.io.ByteArrayOutputStream.grow(ByteArrayOutputStream.java:118)
	at java.io.ByteArrayOutputStream.ensureCapacity(ByteArrayOutputStream.java:93)
	at java.io.ByteArrayOutputStream.write(ByteArrayOutputStream.java:153)
	at org.springframework.util.StreamUtils.copy(StreamUtils.java:143)
	at org.springframework.util.FileCopyUtils.copy(FileCopyUtils.java:110)
	at org.springframework.util.FileCopyUtils.copyToByteArray(FileCopyUtils.java:162)
	at org.springframework.web.multipart.support.StandardMultipartHttpServletRequest$StandardMultipartFile.getBytes(StandardMultipartHttpServletRequest.java:245)
	at DeployService.multipart2File(DeployService.java:233)
	at DeployService.deploy(DeployService.java:78)
	at DeployController.deploy(DeployController.java:36)
	at sun.reflect.NativeMethodAccessorImpl.invoke0(Native Method)
	at sun.reflect.NativeMethodAccessorImpl.invoke(NativeMethodAccessorImpl.java:62)
	at sun.reflect.DelegatingMethodAccessorImpl.invoke(DelegatingMethodAccessorImpl.java:43)
	at java.lang.reflect.Method.invoke(Method.java:498)
	at org.springframework.web.method.support.InvocableHandlerMethod.doInvoke(InvocableHandlerMethod.java:190)
	at org.springframework.web.method.support.InvocableHandlerMethod.invokeForRequest(InvocableHandlerMethod.java:138)
	at org.springframework.web.servlet.mvc.method.annotation.ServletInvocableHandlerMethod.invokeAndHandle(ServletInvocableHandlerMethod.java:104)
	at org.springframework.web.servlet.mvc.method.annotation.RequestMappingHandlerAdapter.invokeHandlerMethod(RequestMappingHandlerAdapter.java:892)
	at org.springframework.web.servlet.mvc.method.annotation.RequestMappingHandlerAdapter.handleInternal(RequestMappingHandlerAdapter.java:797)
	at org.springframework.web.servlet.mvc.method.AbstractHandlerMethodAdapter.handle(AbstractHandlerMethodAdapter.java:87)
	at org.springframework.web.servlet.DispatcherServlet.doDispatch(DispatcherServlet.java:1039)
	at org.springframework.web.servlet.DispatcherServlet.doService(DispatcherServlet.java:942)
	at org.springframework.web.servlet.FrameworkServlet.processRequest(FrameworkServlet.java:1005)
	at org.springframework.web.servlet.FrameworkServlet.doPost(FrameworkServlet.java:908)
	at javax.servlet.http.HttpServlet.service(HttpServlet.java:660)
	at org.springframework.web.servlet.FrameworkServlet.service(FrameworkServlet.java:882)
	at javax.servlet.http.HttpServlet.service(HttpServlet.java:741)
	at org.apache.catalina.core.ApplicationFilterChain.internalDoFilter(ApplicationFilterChain.java:231)
	at org.apache.catalina.core.ApplicationFilterChain.doFilter(ApplicationFilterChain.java:166)
	at org.apache.tomcat.websocket.server.WsFilter.doFilter(WsFilter.java:53)
	at org.apache.catalina.core.ApplicationFilterChain.internalDoFilter(ApplicationFilterChain.java:193)
2019-07-09 10:16:32.752 [main] INFO  ConsoleDeployServerApplication - Starting ConsoleDeployServerApplication on JXL-20170825TXC with PID 27292 (D:\console-deploy-server\target\classes started by wudongchun in D:\console-deploy-server)
2019-07-09 10:16:32.760 [main] INFO  ConsoleDeployServerApplication - No active profile set, falling back to default profiles: default
2019-07-09 10:16:34.400 [main] INFO  org.springframework.boot.web.embedded.tomcat.TomcatWebServer - Tomcat initialized with port(s): 8855 (http)
2019-07-09 10:16:34.421 [main] INFO  org.apache.coyote.http11.Http11NioProtocol - Initializing ProtocolHandler ["http-nio-8855"]
2019-07-09 10:16:34.434 [main] INFO  org.apache.catalina.core.StandardService - Starting service [Tomcat]
2019-07-09 10:16:34.435 [main] INFO  org.apache.catalina.core.StandardEngine - Starting Servlet engine: [Apache Tomcat/9.0.21]
2019-07-09 10:16:34.575 [main] INFO  org.apache.catalina.core.ContainerBase.[Tomcat].[localhost].[/] - Initializing Spring embedded WebApplicationContext
2019-07-09 10:16:34.575 [main] INFO  org.springframework.web.context.ContextLoader - Root WebApplicationContext: initialization completed in 1709 ms
2019-07-09 10:16:35.088 [main] INFO  org.springframework.scheduling.concurrent.ThreadPoolTaskExecutor - Initializing ExecutorService 'applicationTaskExecutor'
2019-07-09 10:16:35.328 [main] INFO  org.springframework.boot.autoconfigure.web.servlet.WelcomePageHandlerMapping - Adding welcome page: class path resource [static/index.html]
2019-07-09 10:16:35.406 [main] INFO  org.apache.coyote.http11.Http11NioProtocol - Starting ProtocolHandler ["http-nio-8855"]
2019-07-09 10:16:35.440 [main] INFO  org.springframework.boot.web.embedded.tomcat.TomcatWebServer - Tomcat started on port(s): 8855 (http) with context path ''
2019-07-09 10:16:35.444 [main] INFO  ConsoleDeployServerApplication - Started ConsoleDeployServerApplication in 4.057 seconds (JVM running for 5.862)
2019-07-09 10:16:40.064 [http-nio-8855-exec-2] INFO  org.apache.tomcat.util.http.parser.Cookie - A cookie header was received [1546480912; s_fid=1B625D2FA62AC569-121A042867E0B9EF; trkId=922D2B6D-852C-486E-BF79-A2C923D364C8; CNZZDATA4269617=cnzz_eid%3D1536483362-1546918098-%26ntime%3D1546918098; Hm_lvt_9258d8a5509ecae2124d112a80dfc8fc=1549957391; Hm_lvt_fd500be904f859383368ab88b58277d2=1550914171; Hm_lvt_fbc5a7b80a8b9245688afa230ee8982f=1554271621; CNZZDATA2717995=cnzz_eid%3D757272013-1554606174-%26ntime%3D1554606174; Hm_lvt_bd92981ac2860c42757ba3a2f27ea3c2=1554606688; CNZZDATA1273619220=709583577-1554364324-%7C1557290385; CNZZDATA1265190995=259641913-1557295094-%7C1557295094] that contained an invalid cookie. That cookie will be ignored.
 Note: further occurrences of this error will be logged at DEBUG level.
2019-07-09 10:16:40.072 [http-nio-8855-exec-2] INFO  org.apache.catalina.core.ContainerBase.[Tomcat].[localhost].[/] - Initializing Spring DispatcherServlet 'dispatcherServlet'
2019-07-09 10:16:40.073 [http-nio-8855-exec-2] INFO  org.springframework.web.servlet.DispatcherServlet - Initializing Servlet 'dispatcherServlet'
2019-07-09 10:16:40.083 [http-nio-8855-exec-2] INFO  org.springframework.web.servlet.DispatcherServlet - Completed initialization in 9 ms
2019-07-09 10:16:53.127 [http-nio-8855-exec-6] INFO  DeployService - 无法进行部署：deployF=null, cmd=null
2019-07-09 10:43:53.474 [http-nio-8855-exec-5] INFO  DeployService - 无法进行部署：deployF=null, cmd=null
2019-07-09 10:59:45.966 [http-nio-8855-exec-8] INFO  DeployService - 无法进行部署：deployF=null, cmd=null
2019-07-09 11:01:33.317 [main] INFO  ConsoleDeployServerApplication - Starting ConsoleDeployServerApplication on JXL-20170825TXC with PID 8748 (D:\console-deploy-server\target\classes started by wudongchun in D:\console-deploy-server)
2019-07-09 11:01:33.323 [main] INFO  ConsoleDeployServerApplication - No active profile set, falling back to default profiles: default
2019-07-09 11:01:34.607 [main] INFO  org.springframework.boot.web.embedded.tomcat.TomcatWebServer - Tomcat initialized with port(s): 8855 (http)
2019-07-09 11:01:34.625 [main] INFO  org.apache.coyote.http11.Http11NioProtocol - Initializing ProtocolHandler ["http-nio-8855"]
2019-07-09 11:01:34.637 [main] INFO  org.apache.catalina.core.StandardService - Starting service [Tomcat]
2019-07-09 11:01:34.637 [main] INFO  org.apache.catalina.core.StandardEngine - Starting Servlet engine: [Apache Tomcat/9.0.21]
2019-07-09 11:01:34.749 [main] INFO  org.apache.catalina.core.ContainerBase.[Tomcat].[localhost].[/] - Initializing Spring embedded WebApplicationContext
2019-07-09 11:01:34.750 [main] INFO  org.springframework.web.context.ContextLoader - Root WebApplicationContext: initialization completed in 1327 ms
2019-07-09 11:01:35.148 [main] INFO  org.springframework.scheduling.concurrent.ThreadPoolTaskExecutor - Initializing ExecutorService 'applicationTaskExecutor'
2019-07-09 11:01:35.307 [main] INFO  org.springframework.boot.autoconfigure.web.servlet.WelcomePageHandlerMapping - Adding welcome page: class path resource [static/index.html]
2019-07-09 11:01:35.390 [main] INFO  org.apache.coyote.http11.Http11NioProtocol - Starting ProtocolHandler ["http-nio-8855"]
2019-07-09 11:01:35.426 [main] INFO  org.springframework.boot.web.embedded.tomcat.TomcatWebServer - Tomcat started on port(s): 8855 (http) with context path ''
2019-07-09 11:01:35.429 [main] INFO  ConsoleDeployServerApplication - Started ConsoleDeployServerApplication in 3.305 seconds (JVM running for 5.318)
2019-07-09 11:06:35.923 [http-nio-8855-exec-1] INFO  org.apache.tomcat.util.http.parser.Cookie - A cookie header was received [1546480912; s_fid=1B625D2FA62AC569-121A042867E0B9EF; trkId=922D2B6D-852C-486E-BF79-A2C923D364C8; CNZZDATA4269617=cnzz_eid%3D1536483362-1546918098-%26ntime%3D1546918098; Hm_lvt_9258d8a5509ecae2124d112a80dfc8fc=1549957391; Hm_lvt_fd500be904f859383368ab88b58277d2=1550914171; Hm_lvt_fbc5a7b80a8b9245688afa230ee8982f=1554271621; CNZZDATA2717995=cnzz_eid%3D757272013-1554606174-%26ntime%3D1554606174; Hm_lvt_bd92981ac2860c42757ba3a2f27ea3c2=1554606688; CNZZDATA1273619220=709583577-1554364324-%7C1557290385; CNZZDATA1265190995=259641913-1557295094-%7C1557295094] that contained an invalid cookie. That cookie will be ignored.
 Note: further occurrences of this error will be logged at DEBUG level.
2019-07-09 11:06:35.948 [http-nio-8855-exec-1] INFO  org.apache.catalina.core.ContainerBase.[Tomcat].[localhost].[/] - Initializing Spring DispatcherServlet 'dispatcherServlet'
2019-07-09 11:06:35.949 [http-nio-8855-exec-1] INFO  org.springframework.web.servlet.DispatcherServlet - Initializing Servlet 'dispatcherServlet'
2019-07-09 11:06:35.960 [http-nio-8855-exec-1] INFO  org.springframework.web.servlet.DispatcherServlet - Completed initialization in 11 ms
2019-07-09 11:13:35.260 [http-nio-8855-exec-4] INFO  DeployService - 无法进行部署：deployF=null, cmd=null
2019-07-09 15:07:15.295 [main] INFO  ConsoleDeployServerApplication - Starting ConsoleDeployServerApplication on JXL-20170825TXC with PID 28416 (D:\console-deploy-server\target\classes started by wudongchun in D:\console-deploy-server)
2019-07-09 15:07:15.298 [main] INFO  ConsoleDeployServerApplication - No active profile set, falling back to default profiles: default
2019-07-09 15:07:16.628 [main] INFO  org.springframework.boot.web.embedded.tomcat.TomcatWebServer - Tomcat initialized with port(s): 8855 (http)
2019-07-09 15:07:16.648 [main] INFO  org.apache.coyote.http11.Http11NioProtocol - Initializing ProtocolHandler ["http-nio-8855"]
2019-07-09 15:07:16.665 [main] INFO  org.apache.catalina.core.StandardService - Starting service [Tomcat]
2019-07-09 15:07:16.665 [main] INFO  org.apache.catalina.core.StandardEngine - Starting Servlet engine: [Apache Tomcat/9.0.21]
2019-07-09 15:07:16.796 [main] INFO  org.apache.catalina.core.ContainerBase.[Tomcat].[localhost].[/] - Initializing Spring embedded WebApplicationContext
2019-07-09 15:07:16.796 [main] INFO  org.springframework.web.context.ContextLoader - Root WebApplicationContext: initialization completed in 1429 ms
2019-07-09 15:07:17.240 [main] INFO  org.springframework.scheduling.concurrent.ThreadPoolTaskExecutor - Initializing ExecutorService 'applicationTaskExecutor'
2019-07-09 15:07:17.409 [main] INFO  org.springframework.boot.autoconfigure.web.servlet.WelcomePageHandlerMapping - Adding welcome page: class path resource [static/index.html]
2019-07-09 15:07:17.524 [main] INFO  org.apache.coyote.http11.Http11NioProtocol - Starting ProtocolHandler ["http-nio-8855"]
2019-07-09 15:07:17.573 [main] INFO  org.springframework.boot.web.embedded.tomcat.TomcatWebServer - Tomcat started on port(s): 8855 (http) with context path ''
2019-07-09 15:07:17.576 [main] INFO  ConsoleDeployServerApplication - Started ConsoleDeployServerApplication in 3.885 seconds (JVM running for 4.958)
2019-07-09 15:07:22.475 [http-nio-8855-exec-1] INFO  org.apache.tomcat.util.http.parser.Cookie - A cookie header was received [1546480912; s_fid=1B625D2FA62AC569-121A042867E0B9EF; trkId=922D2B6D-852C-486E-BF79-A2C923D364C8; Hm_lvt_9258d8a5509ecae2124d112a80dfc8fc=1549957391; Hm_lvt_fd500be904f859383368ab88b58277d2=1550914171; Hm_lvt_fbc5a7b80a8b9245688afa230ee8982f=1554271621; CNZZDATA2717995=cnzz_eid%3D757272013-1554606174-%26ntime%3D1554606174; Hm_lvt_bd92981ac2860c42757ba3a2f27ea3c2=1554606688; CNZZDATA1273619220=709583577-1554364324-%7C1557290385; CNZZDATA1265190995=259641913-1557295094-%7C1557295094] that contained an invalid cookie. That cookie will be ignored.
 Note: further occurrences of this error will be logged at DEBUG level.
2019-07-09 15:07:22.489 [http-nio-8855-exec-1] INFO  org.apache.catalina.core.ContainerBase.[Tomcat].[localhost].[/] - Initializing Spring DispatcherServlet 'dispatcherServlet'
2019-07-09 15:07:22.489 [http-nio-8855-exec-1] INFO  org.springframework.web.servlet.DispatcherServlet - Initializing Servlet 'dispatcherServlet'
2019-07-09 15:07:22.495 [http-nio-8855-exec-1] INFO  org.springframework.web.servlet.DispatcherServlet - Completed initialization in 6 ms
2019-07-09 15:26:32.526 [main] INFO  ConsoleDeployServerApplication - Starting ConsoleDeployServerApplication on JXL-20170825TXC with PID 29472 (D:\console-deploy-server\target\classes started by wudongchun in D:\console-deploy-server)
2019-07-09 15:26:32.564 [main] INFO  ConsoleDeployServerApplication - No active profile set, falling back to default profiles: default
2019-07-09 15:26:33.647 [main] INFO  org.springframework.boot.web.embedded.tomcat.TomcatWebServer - Tomcat initialized with port(s): 8855 (http)
2019-07-09 15:26:33.661 [main] INFO  org.apache.coyote.http11.Http11NioProtocol - Initializing ProtocolHandler ["http-nio-8855"]
2019-07-09 15:26:33.671 [main] INFO  org.apache.catalina.core.StandardService - Starting service [Tomcat]
2019-07-09 15:26:33.672 [main] INFO  org.apache.catalina.core.StandardEngine - Starting Servlet engine: [Apache Tomcat/9.0.21]
2019-07-09 15:26:33.766 [main] INFO  org.apache.catalina.core.ContainerBase.[Tomcat].[localhost].[/] - Initializing Spring embedded WebApplicationContext
2019-07-09 15:26:33.766 [main] INFO  org.springframework.web.context.ContextLoader - Root WebApplicationContext: initialization completed in 1123 ms
2019-07-09 15:26:34.095 [main] INFO  org.springframework.scheduling.concurrent.ThreadPoolTaskExecutor - Initializing ExecutorService 'applicationTaskExecutor'
2019-07-09 15:26:34.259 [main] INFO  org.springframework.boot.autoconfigure.web.servlet.WelcomePageHandlerMapping - Adding welcome page: class path resource [static/index.html]
2019-07-09 15:26:34.327 [main] INFO  org.apache.coyote.http11.Http11NioProtocol - Starting ProtocolHandler ["http-nio-8855"]
2019-07-09 15:26:34.354 [main] INFO  org.springframework.boot.web.embedded.tomcat.TomcatWebServer - Tomcat started on port(s): 8855 (http) with context path ''
2019-07-09 15:26:34.358 [main] INFO  ConsoleDeployServerApplication - Started ConsoleDeployServerApplication in 3.25 seconds (JVM running for 4.555)
2019-07-09 15:34:48.472 [http-nio-8855-exec-1] INFO  org.apache.tomcat.util.http.parser.Cookie - A cookie header was received [1546480912; s_fid=1B625D2FA62AC569-121A042867E0B9EF; trkId=922D2B6D-852C-486E-BF79-A2C923D364C8; Hm_lvt_9258d8a5509ecae2124d112a80dfc8fc=1549957391; Hm_lvt_fd500be904f859383368ab88b58277d2=1550914171; Hm_lvt_fbc5a7b80a8b9245688afa230ee8982f=1554271621; CNZZDATA2717995=cnzz_eid%3D757272013-1554606174-%26ntime%3D1554606174; Hm_lvt_bd92981ac2860c42757ba3a2f27ea3c2=1554606688; CNZZDATA1273619220=709583577-1554364324-%7C1557290385; CNZZDATA1265190995=259641913-1557295094-%7C1557295094] that contained an invalid cookie. That cookie will be ignored.
 Note: further occurrences of this error will be logged at DEBUG level.
2019-07-09 15:34:48.486 [http-nio-8855-exec-1] INFO  org.apache.catalina.core.ContainerBase.[Tomcat].[localhost].[/] - Initializing Spring DispatcherServlet 'dispatcherServlet'
2019-07-09 15:34:48.486 [http-nio-8855-exec-1] INFO  org.springframework.web.servlet.DispatcherServlet - Initializing Servlet 'dispatcherServlet'
2019-07-09 15:34:48.498 [http-nio-8855-exec-1] INFO  org.springframework.web.servlet.DispatcherServlet - Completed initialization in 12 ms
2019-07-09 15:35:43.123 [http-nio-8855-exec-5] INFO  ProcessService - 启动程序...
